-------------------------------------------------------------------------------
Test set: edu.ncsu.csc.itrust2.unit.PasswordChangeTest
-------------------------------------------------------------------------------
Tests run: 2, Failures: 0, Errors: 1, Skipped: 0, Time elapsed: 2.812 s <<< FAILURE! - in edu.ncsu.csc.itrust2.unit.PasswordChangeTest
testPasswordChangeForm(edu.ncsu.csc.itrust2.unit.PasswordChangeTest)  Time elapsed: 0.233 s  <<< ERROR!
java.lang.IllegalArgumentException: New password must be between 6 and 20 characters.
	at edu.ncsu.csc.itrust2.unit.PasswordChangeTest.testPasswordChangeForm(PasswordChangeTest.java:28)

