-------------------------------------------------------------------------------
Test set: edu.ncsu.csc.itrust2.apitest.APIAppointmentRequestTest
-------------------------------------------------------------------------------
Tests run: 4, Failures: 1, Errors: 2, Skipped: 0, Time elapsed: 0.658 s <<< FAILURE! - in edu.ncsu.csc.itrust2.apitest.APIAppointmentRequestTest
testAppointmentRequestAPI(edu.ncsu.csc.itrust2.apitest.APIAppointmentRequestTest)  Time elapsed: 0.506 s  <<< ERROR!
java.lang.IndexOutOfBoundsException: Index: 0, Size: 0
	at edu.ncsu.csc.itrust2.apitest.APIAppointmentRequestTest.testAppointmentRequestAPI(APIAppointmentRequestTest.java:153)

testDeleteNonExistentAppointment(edu.ncsu.csc.itrust2.apitest.APIAppointmentRequestTest)  Time elapsed: 0.065 s  <<< ERROR!
org.springframework.web.util.NestedServletException: Request processing failed; nested exception is java.lang.NullPointerException
	at edu.ncsu.csc.itrust2.apitest.APIAppointmentRequestTest.testDeleteNonExistentAppointment(APIAppointmentRequestTest.java:72)
Caused by: java.lang.NullPointerException
	at edu.ncsu.csc.itrust2.apitest.APIAppointmentRequestTest.testDeleteNonExistentAppointment(APIAppointmentRequestTest.java:72)

testGetNonExistentAppointment(edu.ncsu.csc.itrust2.apitest.APIAppointmentRequestTest)  Time elapsed: 0.045 s  <<< FAILURE!
java.lang.AssertionError: Status expected:<404> but was:<200>
	at edu.ncsu.csc.itrust2.apitest.APIAppointmentRequestTest.testGetNonExistentAppointment(APIAppointmentRequestTest.java:63)

