-------------------------------------------------------------------------------
Test set: edu.ncsu.csc.itrust2.apitest.APIICDCodeTest
-------------------------------------------------------------------------------
Tests run: 1, Failures: 1, Errors: 0, Skipped: 0, Time elapsed: 0.006 s <<< FAILURE! - in edu.ncsu.csc.itrust2.apitest.APIICDCodeTest
testCodeAPI(edu.ncsu.csc.itrust2.apitest.APIICDCodeTest)  Time elapsed: 0.004 s  <<< FAILURE!
java.lang.AssertionError: expected:<edu.ncsu.csc.itrust2.forms.admin.ICDCodeForm@493b35f8> but was:<edu.ncsu.csc.itrust2.forms.admin.ICDCodeForm@7331f3b7>
	at edu.ncsu.csc.itrust2.apitest.APIICDCodeTest.testCodeAPI(APIICDCodeTest.java:68)

