-------------------------------------------------------------------------------
Test set: edu.ncsu.csc.itrust2.apitest.APIDrugTest
-------------------------------------------------------------------------------
Tests run: 1, Failures: 1, Errors: 0, Skipped: 0, Time elapsed: 0.016 s <<< FAILURE! - in edu.ncsu.csc.itrust2.apitest.APIDrugTest
testDrugAPI(edu.ncsu.csc.itrust2.apitest.APIDrugTest)  Time elapsed: 0.015 s  <<< FAILURE!
java.lang.AssertionError: Status expected:<200> but was:<409>
	at edu.ncsu.csc.itrust2.apitest.APIDrugTest.testDrugAPI(APIDrugTest.java:82)

