-------------------------------------------------------------------------------
Test set: edu.ncsu.csc.itrust2.unit.PasswordChangeTest
-------------------------------------------------------------------------------
Tests run: 2, Failures: 1, Errors: 0, Skipped: 0, Time elapsed: 1.571 s <<< FAILURE! - in edu.ncsu.csc.itrust2.unit.PasswordChangeTest
testPasswordChangeForm(edu.ncsu.csc.itrust2.unit.PasswordChangeTest)  Time elapsed: 0.676 s  <<< FAILURE!
java.lang.AssertionError
	at edu.ncsu.csc.itrust2.unit.PasswordChangeTest.testPasswordChangeForm(PasswordChangeTest.java:67)

