-------------------------------------------------------------------------------
Test set: edu.ncsu.csc.itrust2.apitest.APIICDCodeTest
-------------------------------------------------------------------------------
Tests run: 1, Failures: 1, Errors: 0, Skipped: 0, Time elapsed: 0.012 s <<< FAILURE! - in edu.ncsu.csc.itrust2.apitest.APIICDCodeTest
testCodeAPI(edu.ncsu.csc.itrust2.apitest.APIICDCodeTest)  Time elapsed: 0.009 s  <<< FAILURE!
java.lang.AssertionError: expected:<edu.ncsu.csc.itrust2.forms.admin.ICDCodeForm@318eb2cf> but was:<edu.ncsu.csc.itrust2.forms.admin.ICDCodeForm@1a5ddf03>
	at edu.ncsu.csc.itrust2.apitest.APIICDCodeTest.testCodeAPI(APIICDCodeTest.java:68)

