-------------------------------------------------------------------------------
Test set: edu.ncsu.csc.itrust2.apitest.APIAppointmentRequestTest
-------------------------------------------------------------------------------
Tests run: 4, Failures: 1, Errors: 2, Skipped: 0, Time elapsed: 0.042 s <<< FAILURE! - in edu.ncsu.csc.itrust2.apitest.APIAppointmentRequestTest
testAppointmentRequestAPI(edu.ncsu.csc.itrust2.apitest.APIAppointmentRequestTest)  Time elapsed: 0.024 s  <<< FAILURE!
java.lang.AssertionError: Status expected:<200> but was:<404>
	at edu.ncsu.csc.itrust2.apitest.APIAppointmentRequestTest.testAppointmentRequestAPI(APIAppointmentRequestTest.java:168)

testDeleteNonExistentAppointment(edu.ncsu.csc.itrust2.apitest.APIAppointmentRequestTest)  Time elapsed: 0.004 s  <<< ERROR!
org.springframework.web.util.NestedServletException: Request processing failed; nested exception is java.lang.NullPointerException
	at edu.ncsu.csc.itrust2.apitest.APIAppointmentRequestTest.testDeleteNonExistentAppointment(APIAppointmentRequestTest.java:72)
Caused by: java.lang.NullPointerException
	at edu.ncsu.csc.itrust2.apitest.APIAppointmentRequestTest.testDeleteNonExistentAppointment(APIAppointmentRequestTest.java:72)

testGetNonExistentAppointment(edu.ncsu.csc.itrust2.apitest.APIAppointmentRequestTest)  Time elapsed: 0.002 s  <<< ERROR!
org.springframework.web.util.NestedServletException: Request processing failed; nested exception is java.lang.NullPointerException
	at edu.ncsu.csc.itrust2.apitest.APIAppointmentRequestTest.testGetNonExistentAppointment(APIAppointmentRequestTest.java:63)
Caused by: java.lang.NullPointerException
	at edu.ncsu.csc.itrust2.apitest.APIAppointmentRequestTest.testGetNonExistentAppointment(APIAppointmentRequestTest.java:63)

