-------------------------------------------------------------------------------
Test set: edu.ncsu.csc.itrust2.apitest.APIDiagnosisTest
-------------------------------------------------------------------------------
Tests run: 1, Failures: 1, Errors: 0, Skipped: 0, Time elapsed: 2.181 s <<< FAILURE! - in edu.ncsu.csc.itrust2.apitest.APIDiagnosisTest
testDiagnoses(edu.ncsu.csc.itrust2.apitest.APIDiagnosisTest)  Time elapsed: 2.156 s  <<< FAILURE!
java.lang.AssertionError
	at edu.ncsu.csc.itrust2.apitest.APIDiagnosisTest.testDiagnoses(APIDiagnosisTest.java:219)

