-------------------------------------------------------------------------------
Test set: edu.ncsu.csc.itrust2.unit.PatientTest
-------------------------------------------------------------------------------
Tests run: 2, Failures: 1, Errors: 0, Skipped: 0, Time elapsed: 0.05 s <<< FAILURE! - in edu.ncsu.csc.itrust2.unit.PatientTest
testPatientDateOfDeath(edu.ncsu.csc.itrust2.unit.PatientTest)  Time elapsed: 0.032 s  <<< FAILURE!
java.lang.AssertionError: expected:<AL> but was:<null>
	at edu.ncsu.csc.itrust2.unit.PatientTest.testPatientDateOfDeath(PatientTest.java:117)

