-------------------------------------------------------------------------------
Test set: edu.ncsu.csc.itrust2.apitest.APIOfficeVisitTest
-------------------------------------------------------------------------------
Tests run: 4, Failures: 1, Errors: 0, Skipped: 0, Time elapsed: 0.042 s <<< FAILURE! - in edu.ncsu.csc.itrust2.apitest.APIOfficeVisitTest
testOfficeVisitAPI(edu.ncsu.csc.itrust2.apitest.APIOfficeVisitTest)  Time elapsed: 0.021 s  <<< FAILURE!
java.lang.AssertionError: Status expected:<409> but was:<404>
	at edu.ncsu.csc.itrust2.apitest.APIOfficeVisitTest.testOfficeVisitAPI(APIOfficeVisitTest.java:431)

