-------------------------------------------------------------------------------
Test set: edu.ncsu.csc.itrust2.unit.LogTest
-------------------------------------------------------------------------------
Tests run: 1, Failures: 1, Errors: 0, Skipped: 0, Time elapsed: 0.037 s <<< FAILURE! - in edu.ncsu.csc.itrust2.unit.LogTest
testLogging(edu.ncsu.csc.itrust2.unit.LogTest)  Time elapsed: 0.036 s  <<< FAILURE!
java.lang.AssertionError: expected:<1> but was:<0>
	at edu.ncsu.csc.itrust2.unit.LogTest.testLogging(LogTest.java:46)

